{"C:\\Files\\Github\\Repositories\\Full-Stack-Notes\\notesFrontend\\src\\App.jsx": {"path":"C:\\Files\\Github\\Repositories\\Full-Stack-Notes\\notesFrontend\\src\\App.jsx","statementMap":{"0":{"start":{"line":13,"column":12},"end":{"line":153,"column":1}},"1":{"start":{"line":14,"column":28},"end":{"line":14,"column":42}},"2":{"start":{"line":15,"column":32},"end":{"line":15,"column":46}},"3":{"start":{"line":16,"column":42},"end":{"line":16,"column":56}},"4":{"start":{"line":18,"column":34},"end":{"line":18,"column":46}},"5":{"start":{"line":19,"column":34},"end":{"line":19,"column":46}},"6":{"start":{"line":20,"column":26},"end":{"line":20,"column":40}},"7":{"start":{"line":23,"column":2},"end":{"line":27,"column":8}},"8":{"start":{"line":24,"column":4},"end":{"line":26,"column":6}},"9":{"start":{"line":25,"column":6},"end":{"line":25,"column":27}},"10":{"start":{"line":29,"column":2},"end":{"line":33,"column":8}},"11":{"start":{"line":30,"column":4},"end":{"line":32,"column":6}},"12":{"start":{"line":31,"column":6},"end":{"line":31,"column":28}},"13":{"start":{"line":35,"column":2},"end":{"line":42,"column":8}},"14":{"start":{"line":36,"column":27},"end":{"line":36,"column":75}},"15":{"start":{"line":37,"column":4},"end":{"line":41,"column":5}},"16":{"start":{"line":38,"column":19},"end":{"line":38,"column":45}},"17":{"start":{"line":39,"column":6},"end":{"line":39,"column":19}},"18":{"start":{"line":40,"column":6},"end":{"line":40,"column":38}},"19":{"start":{"line":45,"column":22},"end":{"line":45,"column":30}},"20":{"start":{"line":48,"column":22},"end":{"line":48,"column":78}},"21":{"start":{"line":48,"column":63},"end":{"line":48,"column":77}},"22":{"start":{"line":51,"column":22},"end":{"line":70,"column":3}},"23":{"start":{"line":52,"column":4},"end":{"line":52,"column":26}},"24":{"start":{"line":54,"column":4},"end":{"line":69,"column":5}},"25":{"start":{"line":55,"column":19},"end":{"line":58,"column":8}},"26":{"start":{"line":59,"column":6},"end":{"line":59,"column":76}},"27":{"start":{"line":60,"column":6},"end":{"line":60,"column":38}},"28":{"start":{"line":61,"column":6},"end":{"line":61,"column":19}},"29":{"start":{"line":62,"column":6},"end":{"line":62,"column":21}},"30":{"start":{"line":63,"column":6},"end":{"line":63,"column":21}},"31":{"start":{"line":65,"column":6},"end":{"line":65,"column":42}},"32":{"start":{"line":66,"column":6},"end":{"line":68,"column":14}},"33":{"start":{"line":67,"column":8},"end":{"line":67,"column":29}},"34":{"start":{"line":72,"column":29},"end":{"line":90,"column":3}},"35":{"start":{"line":73,"column":17},"end":{"line":73,"column":47}},"36":{"start":{"line":73,"column":35},"end":{"line":73,"column":46}},"37":{"start":{"line":74,"column":24},"end":{"line":74,"column":63}},"38":{"start":{"line":76,"column":4},"end":{"line":89,"column":8}},"39":{"start":{"line":79,"column":8},"end":{"line":79,"column":77}},"40":{"start":{"line":79,"column":38},"end":{"line":79,"column":74}},"41":{"start":{"line":82,"column":8},"end":{"line":84,"column":9}},"42":{"start":{"line":85,"column":8},"end":{"line":87,"column":16}},"43":{"start":{"line":86,"column":10},"end":{"line":86,"column":31}},"44":{"start":{"line":88,"column":8},"end":{"line":88,"column":50}},"45":{"start":{"line":88,"column":37},"end":{"line":88,"column":48}},"46":{"start":{"line":92,"column":18},"end":{"line":105,"column":3}},"47":{"start":{"line":93,"column":4},"end":{"line":93,"column":42}},"48":{"start":{"line":94,"column":4},"end":{"line":104,"column":8}},"49":{"start":{"line":97,"column":8},"end":{"line":97,"column":44}},"50":{"start":{"line":100,"column":8},"end":{"line":100,"column":50}},"51":{"start":{"line":101,"column":8},"end":{"line":103,"column":16}},"52":{"start":{"line":102,"column":10},"end":{"line":102,"column":31}},"53":{"start":{"line":108,"column":2},"end":{"line":152,"column":3}},"54":{"start":{"line":135,"column":31},"end":{"line":135,"column":51}},"55":{"start":{"line":142,"column":12},"end":{"line":146,"column":14}},"56":{"start":{"line":145,"column":38},"end":{"line":145,"column":65}}},"fnMap":{"0":{"name":"(anonymous_0)","decl":{"start":{"line":13,"column":12},"end":{"line":13,"column":13}},"loc":{"start":{"line":13,"column":18},"end":{"line":153,"column":1}},"line":13},"1":{"name":"(anonymous_1)","decl":{"start":{"line":23,"column":12},"end":{"line":23,"column":13}},"loc":{"start":{"line":23,"column":18},"end":{"line":27,"column":3}},"line":23},"2":{"name":"(anonymous_2)","decl":{"start":{"line":24,"column":30},"end":{"line":24,"column":31}},"loc":{"start":{"line":24,"column":47},"end":{"line":26,"column":5}},"line":24},"3":{"name":"(anonymous_3)","decl":{"start":{"line":29,"column":12},"end":{"line":29,"column":13}},"loc":{"start":{"line":29,"column":18},"end":{"line":33,"column":3}},"line":29},"4":{"name":"(anonymous_4)","decl":{"start":{"line":30,"column":30},"end":{"line":30,"column":31}},"loc":{"start":{"line":30,"column":48},"end":{"line":32,"column":5}},"line":30},"5":{"name":"(anonymous_5)","decl":{"start":{"line":35,"column":12},"end":{"line":35,"column":13}},"loc":{"start":{"line":35,"column":18},"end":{"line":42,"column":3}},"line":35},"6":{"name":"(anonymous_6)","decl":{"start":{"line":48,"column":53},"end":{"line":48,"column":54}},"loc":{"start":{"line":48,"column":63},"end":{"line":48,"column":77}},"line":48},"7":{"name":"(anonymous_7)","decl":{"start":{"line":51,"column":22},"end":{"line":51,"column":23}},"loc":{"start":{"line":51,"column":39},"end":{"line":70,"column":3}},"line":51},"8":{"name":"(anonymous_8)","decl":{"start":{"line":66,"column":17},"end":{"line":66,"column":18}},"loc":{"start":{"line":66,"column":23},"end":{"line":68,"column":7}},"line":66},"9":{"name":"(anonymous_9)","decl":{"start":{"line":72,"column":29},"end":{"line":72,"column":30}},"loc":{"start":{"line":72,"column":37},"end":{"line":90,"column":3}},"line":72},"10":{"name":"(anonymous_10)","decl":{"start":{"line":73,"column":28},"end":{"line":73,"column":29}},"loc":{"start":{"line":73,"column":35},"end":{"line":73,"column":46}},"line":73},"11":{"name":"(anonymous_11)","decl":{"start":{"line":78,"column":12},"end":{"line":78,"column":13}},"loc":{"start":{"line":78,"column":30},"end":{"line":80,"column":7}},"line":78},"12":{"name":"(anonymous_12)","decl":{"start":{"line":79,"column":27},"end":{"line":79,"column":28}},"loc":{"start":{"line":79,"column":38},"end":{"line":79,"column":74}},"line":79},"13":{"name":"(anonymous_13)","decl":{"start":{"line":81,"column":13},"end":{"line":81,"column":14}},"loc":{"start":{"line":81,"column":19},"end":{"line":89,"column":7}},"line":81},"14":{"name":"(anonymous_14)","decl":{"start":{"line":85,"column":19},"end":{"line":85,"column":20}},"loc":{"start":{"line":85,"column":25},"end":{"line":87,"column":9}},"line":85},"15":{"name":"(anonymous_15)","decl":{"start":{"line":88,"column":30},"end":{"line":88,"column":31}},"loc":{"start":{"line":88,"column":37},"end":{"line":88,"column":48}},"line":88},"16":{"name":"(anonymous_16)","decl":{"start":{"line":92,"column":18},"end":{"line":92,"column":19}},"loc":{"start":{"line":92,"column":34},"end":{"line":105,"column":3}},"line":92},"17":{"name":"(anonymous_17)","decl":{"start":{"line":96,"column":12},"end":{"line":96,"column":13}},"loc":{"start":{"line":96,"column":30},"end":{"line":98,"column":7}},"line":96},"18":{"name":"(anonymous_18)","decl":{"start":{"line":99,"column":13},"end":{"line":99,"column":14}},"loc":{"start":{"line":99,"column":24},"end":{"line":104,"column":7}},"line":99},"19":{"name":"(anonymous_19)","decl":{"start":{"line":101,"column":19},"end":{"line":101,"column":20}},"loc":{"start":{"line":101,"column":25},"end":{"line":103,"column":9}},"line":101},"20":{"name":"(anonymous_20)","decl":{"start":{"line":135,"column":25},"end":{"line":135,"column":26}},"loc":{"start":{"line":135,"column":31},"end":{"line":135,"column":51}},"line":135},"21":{"name":"(anonymous_21)","decl":{"start":{"line":141,"column":28},"end":{"line":141,"column":29}},"loc":{"start":{"line":142,"column":12},"end":{"line":146,"column":14}},"line":142},"22":{"name":"(anonymous_22)","decl":{"start":{"line":145,"column":32},"end":{"line":145,"column":33}},"loc":{"start":{"line":145,"column":38},"end":{"line":145,"column":65}},"line":145}},"branchMap":{"0":{"loc":{"start":{"line":37,"column":4},"end":{"line":41,"column":5}},"type":"if","locations":[{"start":{"line":37,"column":4},"end":{"line":41,"column":5}},{"start":{},"end":{}}],"line":37},"1":{"loc":{"start":{"line":48,"column":22},"end":{"line":48,"column":78}},"type":"cond-expr","locations":[{"start":{"line":48,"column":32},"end":{"line":48,"column":37}},{"start":{"line":48,"column":40},"end":{"line":48,"column":78}}],"line":48},"2":{"loc":{"start":{"line":79,"column":38},"end":{"line":79,"column":74}},"type":"cond-expr","locations":[{"start":{"line":79,"column":55},"end":{"line":79,"column":59}},{"start":{"line":79,"column":62},"end":{"line":79,"column":74}}],"line":79},"3":{"loc":{"start":{"line":112,"column":7},"end":{"line":133,"column":7}},"type":"cond-expr","locations":[{"start":{"line":113,"column":8},"end":{"line":121,"column":20}},{"start":{"line":123,"column":8},"end":{"line":132,"column":11}}],"line":112},"4":{"loc":{"start":{"line":136,"column":16},"end":{"line":136,"column":45}},"type":"cond-expr","locations":[{"start":{"line":136,"column":26},"end":{"line":136,"column":37}},{"start":{"line":136,"column":40},"end":{"line":136,"column":45}}],"line":136},"5":{"loc":{"start":{"line":140,"column":9},"end":{"line":148,"column":23}},"type":"cond-expr","locations":[{"start":{"line":141,"column":12},"end":{"line":147,"column":12}},{"start":{"line":148,"column":12},"end":{"line":148,"column":23}}],"line":140}},"s":{"0":0,"1":0,"2":0,"3":0,"4":0,"5":0,"6":0,"7":0,"8":0,"9":0,"10":0,"11":0,"12":0,"13":0,"14":0,"15":0,"16":0,"17":0,"18":0,"19":0,"20":0,"21":0,"22":0,"23":0,"24":0,"25":0,"26":0,"27":0,"28":0,"29":0,"30":0,"31":0,"32":0,"33":0,"34":0,"35":0,"36":0,"37":0,"38":0,"39":0,"40":0,"41":0,"42":0,"43":0,"44":0,"45":0,"46":0,"47":0,"48":0,"49":0,"50":0,"51":0,"52":0,"53":0,"54":0,"55":0,"56":0},"f":{"0":0,"1":0,"2":0,"3":0,"4":0,"5":0,"6":0,"7":0,"8":0,"9":0,"10":0,"11":0,"12":0,"13":0,"14":0,"15":0,"16":0,"17":0,"18":0,"19":0,"20":0,"21":0,"22":0},"b":{"0":[0,0],"1":[0,0],"2":[0,0],"3":[0,0],"4":[0,0],"5":[0,0]}}
,"C:\\Files\\Github\\Repositories\\Full-Stack-Notes\\notesFrontend\\src\\main.jsx": {"path":"C:\\Files\\Github\\Repositories\\Full-Stack-Notes\\notesFrontend\\src\\main.jsx","statementMap":{"0":{"start":{"line":5,"column":0},"end":{"line":5,"column":68}}},"fnMap":{},"branchMap":{},"s":{"0":0},"f":{},"b":{}}
,"C:\\Files\\Github\\Repositories\\Full-Stack-Notes\\notesFrontend\\src\\components\\Footer.jsx": {"path":"C:\\Files\\Github\\Repositories\\Full-Stack-Notes\\notesFrontend\\src\\components\\Footer.jsx","statementMap":{"0":{"start":{"line":1,"column":15},"end":{"line":16,"column":1}},"1":{"start":{"line":2,"column":22},"end":{"line":6,"column":3}},"2":{"start":{"line":8,"column":2},"end":{"line":15,"column":3}}},"fnMap":{"0":{"name":"(anonymous_0)","decl":{"start":{"line":1,"column":15},"end":{"line":1,"column":16}},"loc":{"start":{"line":1,"column":21},"end":{"line":16,"column":1}},"line":1}},"branchMap":{},"s":{"0":0,"1":0,"2":0},"f":{"0":0},"b":{}}
,"C:\\Files\\Github\\Repositories\\Full-Stack-Notes\\notesFrontend\\src\\components\\LoginForm.jsx": {"path":"C:\\Files\\Github\\Repositories\\Full-Stack-Notes\\notesFrontend\\src\\components\\LoginForm.jsx","statementMap":{"0":{"start":{"line":3,"column":18},"end":{"line":33,"column":1}},"1":{"start":{"line":10,"column":2},"end":{"line":32,"column":3}},"2":{"start":{"line":18,"column":36},"end":{"line":18,"column":61}},"3":{"start":{"line":26,"column":38},"end":{"line":26,"column":63}},"4":{"start":{"line":35,"column":0},"end":{"line":41,"column":1}}},"fnMap":{"0":{"name":"(anonymous_0)","decl":{"start":{"line":3,"column":18},"end":{"line":3,"column":19}},"loc":{"start":{"line":9,"column":6},"end":{"line":33,"column":1}},"line":9},"1":{"name":"(anonymous_1)","decl":{"start":{"line":18,"column":20},"end":{"line":18,"column":21}},"loc":{"start":{"line":18,"column":36},"end":{"line":18,"column":61}},"line":18},"2":{"name":"(anonymous_2)","decl":{"start":{"line":26,"column":22},"end":{"line":26,"column":23}},"loc":{"start":{"line":26,"column":38},"end":{"line":26,"column":63}},"line":26}},"branchMap":{},"s":{"0":0,"1":0,"2":0,"3":0,"4":0},"f":{"0":0,"1":0,"2":0},"b":{}}
,"C:\\Files\\Github\\Repositories\\Full-Stack-Notes\\notesFrontend\\src\\components\\Note.jsx": {"path":"C:\\Files\\Github\\Repositories\\Full-Stack-Notes\\notesFrontend\\src\\components\\Note.jsx","statementMap":{"0":{"start":{"line":1,"column":13},"end":{"line":10,"column":1}},"1":{"start":{"line":2,"column":16},"end":{"line":2,"column":72}},"2":{"start":{"line":4,"column":2},"end":{"line":9,"column":3}}},"fnMap":{"0":{"name":"(anonymous_0)","decl":{"start":{"line":1,"column":13},"end":{"line":1,"column":14}},"loc":{"start":{"line":1,"column":45},"end":{"line":10,"column":1}},"line":1}},"branchMap":{"0":{"loc":{"start":{"line":2,"column":16},"end":{"line":2,"column":72}},"type":"cond-expr","locations":[{"start":{"line":2,"column":33},"end":{"line":2,"column":53}},{"start":{"line":2,"column":56},"end":{"line":2,"column":72}}],"line":2}},"s":{"0":1,"1":2,"2":2},"f":{"0":2},"b":{"0":[2,0]},"_coverageSchema":"1a1c01bbd47fc00a2c39e90264f33305004495a9","hash":"3e9be2f49d0224549f5632a3ba8c3675c3c51180"}
,"C:\\Files\\Github\\Repositories\\Full-Stack-Notes\\notesFrontend\\src\\components\\NoteForm.jsx": {"path":"C:\\Files\\Github\\Repositories\\Full-Stack-Notes\\notesFrontend\\src\\components\\NoteForm.jsx","statementMap":{"0":{"start":{"line":3,"column":17},"end":{"line":34,"column":1}},"1":{"start":{"line":4,"column":32},"end":{"line":4,"column":44}},"2":{"start":{"line":6,"column":23},"end":{"line":8,"column":3}},"3":{"start":{"line":7,"column":4},"end":{"line":7,"column":34}},"4":{"start":{"line":10,"column":18},"end":{"line":18,"column":3}},"5":{"start":{"line":11,"column":4},"end":{"line":11,"column":26}},"6":{"start":{"line":12,"column":4},"end":{"line":15,"column":6}},"7":{"start":{"line":17,"column":4},"end":{"line":17,"column":18}},"8":{"start":{"line":20,"column":2},"end":{"line":33,"column":3}}},"fnMap":{"0":{"name":"(anonymous_0)","decl":{"start":{"line":3,"column":17},"end":{"line":3,"column":18}},"loc":{"start":{"line":3,"column":37},"end":{"line":34,"column":1}},"line":3},"1":{"name":"(anonymous_1)","decl":{"start":{"line":6,"column":23},"end":{"line":6,"column":24}},"loc":{"start":{"line":6,"column":34},"end":{"line":8,"column":3}},"line":6},"2":{"name":"(anonymous_2)","decl":{"start":{"line":10,"column":18},"end":{"line":10,"column":19}},"loc":{"start":{"line":10,"column":29},"end":{"line":18,"column":3}},"line":10}},"branchMap":{},"s":{"0":1,"1":19,"2":19,"3":17,"4":19,"5":1,"6":1,"7":1,"8":19},"f":{"0":19,"1":17,"2":1},"b":{},"_coverageSchema":"1a1c01bbd47fc00a2c39e90264f33305004495a9","hash":"2894924fa0fa24bd91875194d93eadadd79e2b6a"}
,"C:\\Files\\Github\\Repositories\\Full-Stack-Notes\\notesFrontend\\src\\components\\Notification.jsx": {"path":"C:\\Files\\Github\\Repositories\\Full-Stack-Notes\\notesFrontend\\src\\components\\Notification.jsx","statementMap":{"0":{"start":{"line":1,"column":21},"end":{"line":7,"column":1}},"1":{"start":{"line":2,"column":2},"end":{"line":4,"column":3}},"2":{"start":{"line":3,"column":4},"end":{"line":3,"column":15}},"3":{"start":{"line":6,"column":2},"end":{"line":6,"column":47}}},"fnMap":{"0":{"name":"(anonymous_0)","decl":{"start":{"line":1,"column":21},"end":{"line":1,"column":22}},"loc":{"start":{"line":1,"column":38},"end":{"line":7,"column":1}},"line":1}},"branchMap":{"0":{"loc":{"start":{"line":2,"column":2},"end":{"line":4,"column":3}},"type":"if","locations":[{"start":{"line":2,"column":2},"end":{"line":4,"column":3}},{"start":{},"end":{}}],"line":2}},"s":{"0":0,"1":0,"2":0,"3":0},"f":{"0":0},"b":{"0":[0,0]}}
,"C:\\Files\\Github\\Repositories\\Full-Stack-Notes\\notesFrontend\\src\\components\\Togglable.jsx": {"path":"C:\\Files\\Github\\Repositories\\Full-Stack-Notes\\notesFrontend\\src\\components\\Togglable.jsx","statementMap":{"0":{"start":{"line":5,"column":18},"end":{"line":36,"column":2}},"1":{"start":{"line":6,"column":32},"end":{"line":6,"column":47}},"2":{"start":{"line":8,"column":26},"end":{"line":8,"column":60}},"3":{"start":{"line":9,"column":26},"end":{"line":9,"column":60}},"4":{"start":{"line":11,"column":26},"end":{"line":13,"column":14}},"5":{"start":{"line":15,"column":27},"end":{"line":17,"column":3}},"6":{"start":{"line":16,"column":4},"end":{"line":16,"column":24}},"7":{"start":{"line":19,"column":2},"end":{"line":23,"column":4}},"8":{"start":{"line":20,"column":4},"end":{"line":22,"column":5}},"9":{"start":{"line":25,"column":2},"end":{"line":35,"column":3}},"10":{"start":{"line":38,"column":0},"end":{"line":41,"column":1}},"11":{"start":{"line":43,"column":0},"end":{"line":43,"column":35}}},"fnMap":{"0":{"name":"(anonymous_0)","decl":{"start":{"line":5,"column":29},"end":{"line":5,"column":30}},"loc":{"start":{"line":5,"column":46},"end":{"line":36,"column":1}},"line":5},"1":{"name":"(anonymous_1)","decl":{"start":{"line":15,"column":27},"end":{"line":15,"column":28}},"loc":{"start":{"line":15,"column":33},"end":{"line":17,"column":3}},"line":15},"2":{"name":"(anonymous_2)","decl":{"start":{"line":19,"column":28},"end":{"line":19,"column":29}},"loc":{"start":{"line":19,"column":34},"end":{"line":23,"column":3}},"line":19}},"branchMap":{"0":{"loc":{"start":{"line":8,"column":37},"end":{"line":8,"column":58}},"type":"cond-expr","locations":[{"start":{"line":8,"column":47},"end":{"line":8,"column":53}},{"start":{"line":8,"column":56},"end":{"line":8,"column":58}}],"line":8},"1":{"loc":{"start":{"line":9,"column":37},"end":{"line":9,"column":58}},"type":"cond-expr","locations":[{"start":{"line":9,"column":47},"end":{"line":9,"column":49}},{"start":{"line":9,"column":52},"end":{"line":9,"column":58}}],"line":9},"2":{"loc":{"start":{"line":11,"column":26},"end":{"line":13,"column":14}},"type":"cond-expr","locations":[{"start":{"line":12,"column":6},"end":{"line":12,"column":27}},{"start":{"line":13,"column":6},"end":{"line":13,"column":14}}],"line":11}},"s":{"0":1,"1":5,"2":4,"3":4,"4":4,"5":4,"6":1,"7":4,"8":0,"9":4,"10":1,"11":1},"f":{"0":5,"1":1,"2":0},"b":{"0":[1,3],"1":[1,3],"2":[0,4]},"_coverageSchema":"1a1c01bbd47fc00a2c39e90264f33305004495a9","hash":"adb485e7329ce1492961a6dbe507c690e09c8e82"}
,"C:\\Files\\Github\\Repositories\\Full-Stack-Notes\\notesFrontend\\src\\services\\login.js": {"path":"C:\\Files\\Github\\Repositories\\Full-Stack-Notes\\notesFrontend\\src\\services\\login.js","statementMap":{"0":{"start":{"line":3,"column":16},"end":{"line":3,"column":28}},"1":{"start":{"line":5,"column":14},"end":{"line":8,"column":1}},"2":{"start":{"line":6,"column":19},"end":{"line":6,"column":57}},"3":{"start":{"line":7,"column":2},"end":{"line":7,"column":22}}},"fnMap":{"0":{"name":"(anonymous_0)","decl":{"start":{"line":5,"column":14},"end":{"line":5,"column":15}},"loc":{"start":{"line":5,"column":37},"end":{"line":8,"column":1}},"line":5}},"branchMap":{},"s":{"0":0,"1":0,"2":0,"3":0},"f":{"0":0},"b":{}}
,"C:\\Files\\Github\\Repositories\\Full-Stack-Notes\\notesFrontend\\src\\services\\notes.js": {"path":"C:\\Files\\Github\\Repositories\\Full-Stack-Notes\\notesFrontend\\src\\services\\notes.js","statementMap":{"0":{"start":{"line":3,"column":16},"end":{"line":3,"column":28}},"1":{"start":{"line":5,"column":12},"end":{"line":5,"column":16}},"2":{"start":{"line":7,"column":17},"end":{"line":9,"column":1}},"3":{"start":{"line":8,"column":2},"end":{"line":8,"column":30}},"4":{"start":{"line":11,"column":15},"end":{"line":14,"column":1}},"5":{"start":{"line":12,"column":18},"end":{"line":12,"column":36}},"6":{"start":{"line":13,"column":2},"end":{"line":13,"column":50}},"7":{"start":{"line":13,"column":36},"end":{"line":13,"column":49}},"8":{"start":{"line":16,"column":15},"end":{"line":23,"column":1}},"9":{"start":{"line":17,"column":17},"end":{"line":19,"column":3}},"10":{"start":{"line":21,"column":19},"end":{"line":21,"column":63}},"11":{"start":{"line":22,"column":2},"end":{"line":22,"column":22}},"12":{"start":{"line":25,"column":15},"end":{"line":28,"column":1}},"13":{"start":{"line":26,"column":18},"end":{"line":26,"column":58}},"14":{"start":{"line":27,"column":2},"end":{"line":27,"column":50}},"15":{"start":{"line":27,"column":36},"end":{"line":27,"column":49}}},"fnMap":{"0":{"name":"(anonymous_0)","decl":{"start":{"line":7,"column":17},"end":{"line":7,"column":18}},"loc":{"start":{"line":7,"column":31},"end":{"line":9,"column":1}},"line":7},"1":{"name":"(anonymous_1)","decl":{"start":{"line":11,"column":15},"end":{"line":11,"column":16}},"loc":{"start":{"line":11,"column":21},"end":{"line":14,"column":1}},"line":11},"2":{"name":"(anonymous_2)","decl":{"start":{"line":13,"column":22},"end":{"line":13,"column":23}},"loc":{"start":{"line":13,"column":36},"end":{"line":13,"column":49}},"line":13},"3":{"name":"(anonymous_3)","decl":{"start":{"line":16,"column":15},"end":{"line":16,"column":16}},"loc":{"start":{"line":16,"column":36},"end":{"line":23,"column":1}},"line":16},"4":{"name":"(anonymous_4)","decl":{"start":{"line":25,"column":15},"end":{"line":25,"column":16}},"loc":{"start":{"line":25,"column":34},"end":{"line":28,"column":1}},"line":25},"5":{"name":"(anonymous_5)","decl":{"start":{"line":27,"column":22},"end":{"line":27,"column":23}},"loc":{"start":{"line":27,"column":36},"end":{"line":27,"column":49}},"line":27}},"branchMap":{},"s":{"0":0,"1":0,"2":0,"3":0,"4":0,"5":0,"6":0,"7":0,"8":0,"9":0,"10":0,"11":0,"12":0,"13":0,"14":0,"15":0},"f":{"0":0,"1":0,"2":0,"3":0,"4":0,"5":0},"b":{}}
}
